Build started 2016-5-16 19:15:17.
     1>Project "D:\RT_TMS\MAIN\Features\Projects\UIH.RT.TMS.Dicom\Codec\Jpeg\libijg16\libijg16.vcxproj" on node 4 (build target(s)).
     1>InitializeBuildStatus:
         Creating "x64\Debug\libijg16.unsuccessfulbuild" because "AlwaysCreate" was specified.
       ClCompile:
         C:\Program Files (x86)\Microsoft Visual Studio 10.0\VC\bin\x86_amd64\CL.exe /c /Zi /nologo /W3 /WX- /Od /D _MBCS /Gm- /EHsc /MDd /GS /fp:precise /Zc:wchar_t /Zc:forScope /Fo"x64\Debug\\" /Fd"x64\Debug\vc100.pdb" /Gd /TC /errorReport:prompt jaricom.c jcapimin.c jcapistd.c jcarith.c jccoefct.c jccolor.c jcdctmgr.c jcdiffct.c jchuff.c jcinit.c jclhuff.c jclossls.c jclossy.c jcmainct.c jcmarker.c jcmaster.c jcodec.c jcomapi.c jcparam.c jcphuff.c jcpred.c jcprepct.c jcsample.c jcscale.c jcshuff.c jctrans.c jdapimin.c jdapistd.c jdarith.c jdatadst.c jdatasrc.c jdcoefct.c jdcolor.c jddctmgr.c jddiffct.c jdhuff.c jdinput.c jdlhuff.c jdlossls.c jdlossy.c jdmainct.c jdmarker.c jdmaster.c jdmerge.c jdphuff.c jdpostct.c jdpred.c jdsample.c jdscale.c jdshuff.c jdtrans.c jerror.c jfdctflt.c jfdctfst.c jfdctint.c jidctflt.c jidctfst.c jidctint.c jidctred.c jmemmgr.c jmemnobs.c jquant1.c jquant2.c jutils.c
         jaricom.c
         jcapimin.c
         jcapistd.c
         jcarith.c
         jccoefct.c
         jccolor.c
         jcdctmgr.c
         jcdiffct.c
         jchuff.c
         jcinit.c
         jclhuff.c
         jclossls.c
         jclossy.c
         jcmainct.c
         jcmarker.c
         jcmaster.c
         jcodec.c
         jcomapi.c
         jcparam.c
         jcphuff.c
         Generating Code...
         Compiling...
         jcpred.c
         jcprepct.c
         jcsample.c
         jcscale.c
         jcshuff.c
         jctrans.c
         jdapimin.c
         jdapistd.c
         jdarith.c
         jdatadst.c
         jdatasrc.c
         jdcoefct.c
         jdcolor.c
         jddctmgr.c
         jddiffct.c
         jdhuff.c
         jdinput.c
         jdlhuff.c
         jdlossls.c
         jdlossy.c
         Generating Code...
         Compiling...
         jdmainct.c
         jdmarker.c
         jdmaster.c
         jdmerge.c
         jdphuff.c
         jdpostct.c
         jdpred.c
         jdsample.c
         jdscale.c
         jdshuff.c
         jdtrans.c
         jerror.c
         jfdctflt.c
         jfdctfst.c
         jfdctint.c
         jidctflt.c
         jidctfst.c
         jidctint.c
         jidctred.c
         jmemmgr.c
     1>jmemmgr.c(315): warning C4267: '+=' : conversion from 'size_t' to 'long', possible loss of data
     1>jmemmgr.c(375): warning C4267: '+=' : conversion from 'size_t' to 'long', possible loss of data
     1>jmemmgr.c(1037): warning C4267: '-=' : conversion from 'size_t' to 'long', possible loss of data
     1>jmemmgr.c(1051): warning C4267: '-=' : conversion from 'size_t' to 'long', possible loss of data
         Generating Code...
         Compiling...
         jmemnobs.c
         jquant1.c
         jquant2.c
         jutils.c
         Generating Code...
       Lib:
         C:\Program Files (x86)\Microsoft Visual Studio 10.0\VC\bin\x86_amd64\Lib.exe /OUT:"x64\Debug\libijg16.lib" /NOLOGO x64\Debug\jaricom.obj
         x64\Debug\jcapimin.obj
         x64\Debug\jcapistd.obj
         x64\Debug\jcarith.obj
         x64\Debug\jccoefct.obj
         x64\Debug\jccolor.obj
         x64\Debug\jcdctmgr.obj
         x64\Debug\jcdiffct.obj
         x64\Debug\jchuff.obj
         x64\Debug\jcinit.obj
         x64\Debug\jclhuff.obj
         x64\Debug\jclossls.obj
         x64\Debug\jclossy.obj
         x64\Debug\jcmainct.obj
         x64\Debug\jcmarker.obj
         x64\Debug\jcmaster.obj
         x64\Debug\jcodec.obj
         x64\Debug\jcomapi.obj
         x64\Debug\jcparam.obj
         x64\Debug\jcphuff.obj
         x64\Debug\jcpred.obj
         x64\Debug\jcprepct.obj
         x64\Debug\jcsample.obj
         x64\Debug\jcscale.obj
         x64\Debug\jcshuff.obj
         x64\Debug\jctrans.obj
         x64\Debug\jdapimin.obj
         x64\Debug\jdapistd.obj
         x64\Debug\jdarith.obj
         x64\Debug\jdatadst.obj
         x64\Debug\jdatasrc.obj
         x64\Debug\jdcoefct.obj
         x64\Debug\jdcolor.obj
         x64\Debug\jddctmgr.obj
         x64\Debug\jddiffct.obj
         x64\Debug\jdhuff.obj
         x64\Debug\jdinput.obj
         x64\Debug\jdlhuff.obj
         x64\Debug\jdlossls.obj
         x64\Debug\jdlossy.obj
         x64\Debug\jdmainct.obj
         x64\Debug\jdmarker.obj
         x64\Debug\jdmaster.obj
         x64\Debug\jdmerge.obj
         x64\Debug\jdphuff.obj
         x64\Debug\jdpostct.obj
         x64\Debug\jdpred.obj
         x64\Debug\jdsample.obj
         x64\Debug\jdscale.obj
         x64\Debug\jdshuff.obj
         x64\Debug\jdtrans.obj
         x64\Debug\jerror.obj
         x64\Debug\jfdctflt.obj
         x64\Debug\jfdctfst.obj
         x64\Debug\jfdctint.obj
         x64\Debug\jidctflt.obj
         x64\Debug\jidctfst.obj
         x64\Debug\jidctint.obj
         x64\Debug\jidctred.obj
         x64\Debug\jmemmgr.obj
         x64\Debug\jmemnobs.obj
         x64\Debug\jquant1.obj
         x64\Debug\jquant2.obj
         x64\Debug\jutils.obj
         libijg16.vcxproj -> D:\RT_TMS\MAIN\Features\Projects\UIH.RT.TMS.Dicom\Codec\Jpeg\libijg16\x64\Debug\libijg16.lib
       FinalizeBuildStatus:
         Deleting file "x64\Debug\libijg16.unsuccessfulbuild".
         Touching "x64\Debug\libijg16.lastbuildstate".
     1>Done Building Project "D:\RT_TMS\MAIN\Features\Projects\UIH.RT.TMS.Dicom\Codec\Jpeg\libijg16\libijg16.vcxproj" (build target(s)).

Build succeeded.

Time Elapsed 00:00:05.00
